<?xml version="1.0" encoding="UTF-8"?>
<testng-results ignored="0" total="1" passed="1" failed="0" skipped="0">
  <reporter-output>
  </reporter-output>
  <suite started-at="2021-12-02T13:34:18 MST" name="Default suite" finished-at="2021-12-02T13:34:19 MST" duration-ms="61">
    <groups>
    </groups>
    <test started-at="2021-12-02T13:34:18 MST" name="Default test" finished-at="2021-12-02T13:34:19 MST" duration-ms="61">
      <class name="TestNG.Demo">
        <test-method is-config="true" signature="methodB()[pri:0, instance:TestNG.Demo@7193666c]" started-at="2021-12-02T13:34:18 MST" name="methodB" finished-at="2021-12-02T13:34:18 MST" duration-ms="10" status="PASS">
          <reporter-output>
          </reporter-output>
        </test-method> <!-- methodB -->
        <test-method signature="methodA()[pri:0, instance:TestNG.Demo@7193666c]" started-at="2021-12-02T13:34:19 MST" name="methodA" finished-at="2021-12-02T13:34:19 MST" duration-ms="5" status="PASS">
          <reporter-output>
          </reporter-output>
        </test-method> <!-- methodA -->
      </class> <!-- TestNG.Demo -->
    </test> <!-- Default test -->
  </suite> <!-- Default suite -->
</testng-results>
