<?xml version="1.0" encoding="UTF-8"?>
<testng-results ignored="0" total="2" passed="2" failed="0" skipped="0">
  <reporter-output>
  </reporter-output>
  <suite started-at="2021-12-22T11:17:34 IST" name="Default suite" finished-at="2021-12-22T11:17:48 IST" duration-ms="13771">
    <groups>
    </groups>
    <test started-at="2021-12-22T11:17:34 IST" name="Default test" finished-at="2021-12-22T11:17:48 IST" duration-ms="13771">
      <class name="com.selenium.execution.PageFactoryExecution">
        <test-method is-config="true" signature="beforeTest()[pri:0, instance:com.selenium.execution.PageFactoryExecution@7b9a4292]" started-at="2021-12-22T11:17:34 IST" name="beforeTest" finished-at="2021-12-22T11:17:40 IST" duration-ms="6379" status="PASS">
          <reporter-output>
          </reporter-output>
        </test-method> <!-- beforeTest -->
        <test-method signature="testMethod()[pri:0, instance:com.selenium.execution.PageFactoryExecution@7b9a4292]" started-at="2021-12-22T11:17:40 IST" name="testMethod" finished-at="2021-12-22T11:17:43 IST" duration-ms="3106" status="PASS">
          <reporter-output>
          </reporter-output>
        </test-method> <!-- testMethod -->
        <test-method signature="testMethod1()[pri:0, instance:com.selenium.execution.PageFactoryExecution@7b9a4292]" started-at="2021-12-22T11:17:43 IST" name="testMethod1" finished-at="2021-12-22T11:17:47 IST" duration-ms="3947" status="PASS">
          <reporter-output>
          </reporter-output>
        </test-method> <!-- testMethod1 -->
        <test-method is-config="true" signature="afterTest()[pri:0, instance:com.selenium.execution.PageFactoryExecution@7b9a4292]" started-at="2021-12-22T11:17:47 IST" name="afterTest" finished-at="2021-12-22T11:17:48 IST" duration-ms="277" status="PASS">
          <reporter-output>
          </reporter-output>
        </test-method> <!-- afterTest -->
      </class> <!-- com.selenium.execution.PageFactoryExecution -->
    </test> <!-- Default test -->
  </suite> <!-- Default suite -->
</testng-results>
